<?xml version="1.0" encoding="UTF-8"?>
<!-- Generated by org.testng.reporters.JUnitReportReporter -->
<testsuite hostname="Ms-Mac-7" name="Appium.TestCases.LoginTestCase" tests="1" failures="0" timestamp="30 Dec 2018 12:00:39 GMT" time="45.633" errors="0">
  <testcase name="LoginTestCase" time="45.633" classname="Appium.TestCases.LoginTestCase"/>
</testsuite> <!-- Appium.TestCases.LoginTestCase -->
