<?xml version="1.0" encoding="UTF-8"?>
<!-- Generated by org.testng.reporters.JUnitReportReporter -->
<testsuite hostname="Ms-Mac-7.local" name="Appium.LoginTestCase" tests="1" failures="0" timestamp="27 Dec 2018 06:43:39 GMT" time="52.527" errors="0">
  <testcase name="LoginTestCase" time="52.527" classname="Appium.LoginTestCase"/>
</testsuite> <!-- Appium.LoginTestCase -->
