<?xml version="1.0" encoding="UTF-8"?>
<!-- Generated by org.testng.reporters.JUnitReportReporter -->
<testsuite hostname="Ms-Mac-7.local" name="Appium.TestCases.CreateAccountTestCase" tests="1" failures="0" timestamp="27 Dec 2018 10:34:08 GMT" time="77.888" errors="0">
  <testcase name="CreateAccount" time="77.888" classname="Appium.TestCases.CreateAccountTestCase"/>
</testsuite> <!-- Appium.TestCases.CreateAccountTestCase -->
